!SESSION 2024-05-06 23:25:41.671 -----------------------------------------------
eclipse.buildId=unknown
java.fullversion=18.0.2-ea+9
JRE 18 Mac OS X aarch64-64-Bit 20220818_37 (JIT enabled, AOT enabled)
OpenJ9   - 1d9d16830
OMR      - b58aa2708
JCL      - 8406c39ea29 based on jdk-18.0.2+9
BootLoader constants: OS=macosx, ARCH=aarch64, WS=cocoa, NL=en_US
Command-line arguments:  -clean -nl en_US -configuration /Users/kam/Documents/uni/ammm/suitcase_products_problem/opl/.metadata/workspace_oplrun

!ENTRY ilog.odms.ide.opllang.remote 1 0 2024-05-06 23:25:41.671
!MESSAGE Run Configuration1 in /Users/kam/Documents/uni/ammm/suitcase_products_problem/opl/Suitcase_Products
!SESSION 2024-05-07 23:59:05.188 -----------------------------------------------
eclipse.buildId=unknown
java.fullversion=18.0.2-ea+9
JRE 18 Mac OS X aarch64-64-Bit 20220818_37 (JIT enabled, AOT enabled)
OpenJ9   - 1d9d16830
OMR      - b58aa2708
JCL      - 8406c39ea29 based on jdk-18.0.2+9
BootLoader constants: OS=macosx, ARCH=aarch64, WS=cocoa, NL=en_US
Command-line arguments:  -clean -nl en_US -configuration /Users/kam/Documents/uni/ammm/suitcase_products_problem/opl/.metadata/workspace_oplrun

!ENTRY ilog.odms.ide.opllang.remote 1 0 2024-05-07 23:59:05.188
!MESSAGE Run Configuration1 in /Users/kam/Documents/uni/ammm/suitcase_products_problem/opl/Suitcase_Products
!SESSION 2024-05-08 00:00:09.492 -----------------------------------------------
eclipse.buildId=unknown
java.fullversion=18.0.2-ea+9
JRE 18 Mac OS X aarch64-64-Bit 20220818_37 (JIT enabled, AOT enabled)
OpenJ9   - 1d9d16830
OMR      - b58aa2708
JCL      - 8406c39ea29 based on jdk-18.0.2+9
BootLoader constants: OS=macosx, ARCH=aarch64, WS=cocoa, NL=en_US
Command-line arguments:  -clean -nl en_US -configuration /Users/kam/Documents/uni/ammm/suitcase_products_problem/opl/.metadata/workspace_oplrun

!ENTRY ilog.odms.ide.opllang.remote 1 0 2024-05-08 00:00:09.492
!MESSAGE Run Configuration1 in /Users/kam/Documents/uni/ammm/suitcase_products_problem/opl/Suitcase_Products
!SESSION 2024-05-08 00:01:04.740 -----------------------------------------------
eclipse.buildId=unknown
java.fullversion=18.0.2-ea+9
JRE 18 Mac OS X aarch64-64-Bit 20220818_37 (JIT enabled, AOT enabled)
OpenJ9   - 1d9d16830
OMR      - b58aa2708
JCL      - 8406c39ea29 based on jdk-18.0.2+9
BootLoader constants: OS=macosx, ARCH=aarch64, WS=cocoa, NL=en_US
Command-line arguments:  -clean -nl en_US -configuration /Users/kam/Documents/uni/ammm/suitcase_products_problem/opl/.metadata/workspace_oplrun

!ENTRY ilog.odms.ide.opllang.remote 1 0 2024-05-08 00:01:04.740
!MESSAGE Run Configuration1 in /Users/kam/Documents/uni/ammm/suitcase_products_problem/opl/Suitcase_Products
!SESSION 2024-05-08 00:03:43.014 -----------------------------------------------
eclipse.buildId=unknown
java.fullversion=18.0.2-ea+9
JRE 18 Mac OS X aarch64-64-Bit 20220818_37 (JIT enabled, AOT enabled)
OpenJ9   - 1d9d16830
OMR      - b58aa2708
JCL      - 8406c39ea29 based on jdk-18.0.2+9
BootLoader constants: OS=macosx, ARCH=aarch64, WS=cocoa, NL=en_US
Command-line arguments:  -clean -nl en_US -configuration /Users/kam/Documents/uni/ammm/suitcase_products_problem/opl/.metadata/workspace_oplrun

!ENTRY ilog.odms.ide.opllang.remote 1 0 2024-05-08 00:03:43.014
!MESSAGE Run Configuration1 in /Users/kam/Documents/uni/ammm/suitcase_products_problem/opl/Suitcase_Products
